TN:
SF:src\domain\use-cases\create-table.use-case.ts
FN:13,CreateTable
FN:17,execute
FNF:2
FNH:2
FNDA:2,CreateTable
FNDA:2,execute
DA:1,1
DA:2,1
DA:3,1
DA:4,1
DA:5,1
DA:6,1
DA:7,1
DA:8,1
DA:9,1
DA:10,1
DA:11,1
DA:12,1
DA:13,1
DA:14,2
DA:15,2
DA:16,1
DA:17,1
DA:18,2
DA:19,2
DA:20,30
DA:21,30
DA:22,30
DA:23,2
DA:24,2
DA:25,2
DA:26,1
LF:26
LH:26
BRDA:13,0,0,2
BRDA:17,1,0,2
BRDA:19,2,0,30
BRDA:21,3,0,28
BRF:4
BRH:4
end_of_record
TN:
SF:src\domain\use-cases\save-file.use-case.ts
FN:14,SaveFile
FN:18,execute
FNF:2
FNH:2
FNDA:4,SaveFile
FNDA:4,execute
DA:1,1
DA:2,1
DA:3,1
DA:4,1
DA:5,1
DA:6,1
DA:7,1
DA:8,1
DA:9,1
DA:10,1
DA:11,1
DA:12,1
DA:13,1
DA:14,1
DA:15,4
DA:16,4
DA:17,1
DA:18,1
DA:19,4
DA:20,4
DA:21,4
DA:22,4
DA:23,4
DA:24,4
DA:25,4
DA:26,4
DA:27,4
DA:28,4
DA:29,0
DA:30,0
DA:31,0
DA:32,1
DA:33,1
LF:33
LH:30
BRDA:14,0,0,4
BRDA:18,1,0,4
BRDA:28,2,0,0
BRF:3
BRH:2
end_of_record
